[0m2021.03.20 23:10:05 INFO  Started: Metals version 0.10.0 in workspace '/Users/Jinn/Projects/play-app-basics/play-app-basics' for client vscode 1.54.3.[0m
[0m2021.03.20 23:10:07 INFO  time: initialize in 1.99s[0m
[0m2021.03.20 23:10:07 WARN  Build server is not auto-connectable.[0m
Mar. 20, 2021 11:13:25 P.M. org.eclipse.lsp4j.jsonrpc.services.GenericEndpoint notify
INFO: Unsupported notification method: $/setTraceNotification
[0m2021.03.20 23:32:33 WARN  no build target for: /Users/Jinn/Projects/play-app-basics/play-app-basics/build.sbt[0m
[0m2021.03.20 23:32:37 INFO  no build target: using presentation compiler with only scala-library: 2.12.13[0m
name := """play-app-basics"""
organization := "jinnwang"

version := "1.0-SNAPSHOT"

lazy val root = (project in file(".")).enablePlugins(PlayScala)

scalaVersion := "2.13.3"

libraryDependencies += guice
libraryDependencies += "org.scalatestplus.play" %% "scalatestplus-play" % "5.0.0" % Test

// Adds additional packages into Twirl
//TwirlKeys.templateImports += "jinnwang.controllers._"

// Adds additional packages into conf/routes
// play.sbt.routes.RoutesKeys.routesImport += "jinnwang.binders._"

[0m2021.03.20 23:32:39 INFO  time: code lens generation in 5.51s[0m
[0m2021.03.21 00:09:23 WARN  no build target for: /Users/Jinn/Projects/play-app-basics/play-app-basics/app/controllers/HomeController.scala[0m
package controllers

import javax.inject._
import play.api._
import play.api.mvc._

/**
 * This controller creates an `Action` to handle HTTP requests to the
 * application's home page.
 */
@Singleton
class HomeController @Inject()(val controllerComponents: ControllerComponents) extends BaseController {

  /**
   * Create an Action to render an HTML page.
   *
   * The configuration in the `routes` file means that this method
   * will be called when the application receives a `GET` request with
   * a path of `/`.
   */
  def index() = Action { implicit request: Request[AnyContent] =>
    Ok(views.html.index())
  }
}

[0m2021.03.21 00:09:27 WARN  no build target for: /Users/Jinn/Projects/play-app-basics/play-app-basics/app/controllers/HomeController.scala[0m
package controllers

import javax.inject._
import play.api._
import play.api.mvc._
import play.api.libs.json._
import play.api.libs.json.Json
import scala.collection.mutable.ListBuffer
import scala.concurrent.{ExecutionContext, Future}

final case class Name(id: String, name: String)

@Singleton
class HomeController @Inject() (val controllerComponents: ControllerComponents)
    extends BaseController {

  private val nameList = ListBuffer(
    Name("1", "Apple"),
    Name("2", "Orange"),
    Name("3", "Kiwi"),
    Name("4", "Watermelon"),
    Name("5", "Banana")
  )

  // Format in order to send as json obj
  implicit val nameFormat =
    Json.format[Name]

  def index() = Action { implicit request: Request[AnyContent] =>
    Ok(views.html.index())
  }

  def ping() = Action { implicit request: Request[AnyContent] =>
    Ok("App is running")
  }

  def getAllNames() = Action { _ =>
    Ok(Json.obj("names" -> nameList))
  }

  def getName(id: Long) = Action { _ =>
    var foundItem: Option[Name] = nameList.find(_.id == id)

    foundItem match {
      case Some(item) =>
        Ok(Json.obj("id" -> s"${item.id}", "name" -> s"${item.name}"))
      case None => NotFound
    }
  }

  // POST
  def addName() = Action.async { implicit request =>
    val body: AnyContent = request.body
    val jsonBody: Option[JsValue] = body.asJson

    jsonBody
      .map { json =>
        Future.successful(
          Ok(Json.obj("names" -> updateNameList(json)))
        )
      }
      .getOrElse {
        Future.successful(BadRequest("Expecting application/json request body"))
      }
  }

  // TODO: id needs to be unique, .length is not reliable
  private def updateNameList(json: JsValue) = {
    val nameString = (json \ "name").as[String]
    var newName =
      Name((nameList.length + 1).toString(), s"${nameString}")
    nameList += newName
  }
}

[0m2021.03.21 00:32:15 WARN  no build target for: /Users/Jinn/Projects/play-app-basics/play-app-basics/app/controllers/HomeController.scala[0m
package controllers

import javax.inject._
import play.api._
import play.api.mvc._
import play.api.libs.json._
import play.api.libs.json.Json
import scala.collection.mutable.ListBuffer
import scala.concurrent.{ExecutionContext, Future}

final case class Name(id: String, name: String)

@Singleton
class HomeController @Inject() (val controllerComponents: ControllerComponents)
    extends BaseController {

  private val nameList = ListBuffer(
    Name("1", "Apple"),
    Name("2", "Orange"),
    Name("3", "Kiwi"),
    Name("4", "Watermelon"),
    Name("5", "Banana")
  )

  // Format in order to send as json obj
  implicit val nameFormat =
    Json.format[Name]

  def index() = Action { implicit request: Request[AnyContent] =>
    Ok(views.html.index())
  }

  def ping() = Action { implicit request: Request[AnyContent] =>
    Ok("App is running")
  }

  def getAllNames() = Action { _ =>
    Ok(Json.obj("names" -> nameList))
  }

  def getName(id: String) = Action { _ =>
    var foundItem: Option[Name] = nameList.find(_.id == id)

    foundItem match {
      case Some(item) =>
        Ok(Json.obj("id" -> s"${item.id}", "name" -> s"${item.name}"))
      case None => NotFound
    }
  }

  // POST
  def addName() = Action.async { implicit request =>
    val body: AnyContent = request.body
    val jsonBody: Option[JsValue] = body.asJson

    jsonBody
      .map { json =>
        Future.successful(
          Ok(Json.obj("names" -> updateNameList(json)))
        )
      }
      .getOrElse {
        Future.successful(BadRequest("Expecting application/json request body"))
      }
  }

  // TODO: id needs to be unique, .length is not reliable
  private def updateNameList(json: JsValue) = {
    val nameString = (json \ "name").as[String]
    var newName =
      Name((nameList.length + 1).toString(), s"${nameString}")
    nameList += newName
  }
}

[0m2021.03.21 00:33:23 WARN  no build target for: /Users/Jinn/Projects/play-app-basics/play-app-basics/app/controllers/HomeController.scala[0m
package controllers

import javax.inject._
import play.api._
import play.api.mvc._
import play.api.libs.json._
import play.api.libs.json.Json
import scala.collection.mutable.ListBuffer
import scala.concurrent.{ExecutionContext, Future}

final case class Name(id: String, name: String)

@Singleton
class HomeController @Inject() (val controllerComponents: ControllerComponents)
    extends BaseController {

  private val nameList = ListBuffer(
    Name("1", "Apple"),
    Name("2", "Orange"),
    Name("3", "Kiwi"),
    Name("4", "Watermelon"),
    Name("5", "Banana")
  )

  // Format in order to send as json obj
  implicit val nameFormat =
    Json.format[Name]

  def index() = Action { implicit request: Request[AnyContent] =>
    Ok(views.html.index())
  }

  def ping() = Action { implicit request: Request[AnyContent] =>
    Ok("App is running!")
  }

  def getAllNames() = Action { _ =>
    Ok(Json.obj("names" -> nameList))
  }

  def getName(id: String) = Action { _ =>
    var foundItem: Option[Name] = nameList.find(_.id == id)

    foundItem match {
      case Some(item) =>
        Ok(Json.obj("id" -> s"${item.id}", "name" -> s"${item.name}"))
      case None => NotFound
    }
  }

  // POST
  def addName() = Action.async { implicit request =>
    val body: AnyContent = request.body
    val jsonBody: Option[JsValue] = body.asJson

    jsonBody
      .map { json =>
        Future.successful(
          Ok(Json.obj("names" -> updateNameList(json)))
        )
      }
      .getOrElse {
        Future.successful(BadRequest("Expecting application/json request body"))
      }
  }

  // TODO: id needs to be unique, .length is not reliable
  private def updateNameList(json: JsValue) = {
    val nameString = (json \ "name").as[String]
    var newName =
      Name((nameList.length + 1).toString(), s"${nameString}")
    nameList += newName
  }
}

[0m2021.03.21 00:34:20 WARN  no build target for: /Users/Jinn/Projects/play-app-basics/play-app-basics/app/controllers/HomeController.scala[0m
[0m2021.03.21 00:34:20 WARN  no build target for: /Users/Jinn/Projects/play-app-basics/play-app-basics/app/controllers/HomeController.scala[0m
[0m2021.03.21 00:35:40 WARN  no build target for: /Users/Jinn/Projects/play-app-basics/play-app-basics/app/controllers/HomeController.scala[0m
[0m2021.03.21 00:35:40 WARN  no build target for: /Users/Jinn/Projects/play-app-basics/play-app-basics/app/controllers/HomeController.scala[0m
[0m2021.03.21 00:35:42 WARN  no build target for: /Users/Jinn/Projects/play-app-basics/play-app-basics/app/controllers/HomeController.scala[0m
[0m2021.03.21 00:35:46 WARN  no build target for: /Users/Jinn/Projects/play-app-basics/play-app-basics/app/controllers/HomeController.scala[0m
package controllers

import javax.inject._
import play.api._
import play.api.mvc._
import play.api.libs.json._
import play.api.libs.json.Json
import scala.collection.mutable.ListBuffer
import scala.concurrent.{ExecutionContext, Future}

final case class Name(id: String, name: String)

@Singleton
class HomeController @Inject() (val controllerComponents: ControllerComponents)
    extends BaseController {

  private val nameList = ListBuffer(
    Name("1", "Apple"),
    Name("2", "Orange"),
    Name("3", "Kiwi"),
    Name("4", "Watermelon"),
    Name("5", "Banana")
  )

  // Format in order to send as json obj
  implicit val nameFormat =
    Json.format[Name]

  def index() = Action { implicit request: Request[AnyContent] =>
    Ok(views.html.index())
  }

  def ping() = Action { implicit request: Request[AnyContent] =>
    Ok("App is running!")
  }

  def getAllNames() = Action { _ =>
    Ok(Json.obj("names" -> nameList))
  }

  def getName(id: String) = Action { _ =>
    var foundItem: Option[Name] = nameList.find(_.id == id)

    foundItem match {
      case Some(item) =>
        Ok(Json.obj("id" -> s"${item.id}", "name" -> s"${item.name}"))
      case None => NotFound
    }
  }

  // POST
  def addName() = Action.async { implicit request =>
    val body: AnyContent = request.body
    val jsonBody: Option[JsValue] = body.asJson

    jsonBody
      .map { json =>
        Future.successful(
          Ok(Json.obj("names" -> updateNameList(json)))
        )
      }
      .getOrElse {
        Future.successful(BadRequest("Expecting application/json request body"))
      }
  }

  // TODO: id needs to be unique, .length is not reliable
  private def updateNameList(json: JsValue) = {
    val nameString = (json \ "name").as[String]
    var newName =
      Name((nameList.length + 1).toString(), s"${nameString}")
    nameList += newName
  }
}

[0m2021.03.21 00:50:09 WARN  no build target for: /Users/Jinn/Projects/play-app-basics/play-app-basics/build.sbt[0m
Mar. 21, 2021 12:51:01 A.M. org.eclipse.lsp4j.jsonrpc.RemoteEndpoint handleCancellation
WARNING: Unmatched cancel notification for request id 160
[0m2021.03.21 00:58:28 WARN  no build target for: /Users/Jinn/Projects/play-app-basics/play-app-basics/project/plugins.sbt[0m
addSbtPlugin("com.typesafe.play" % "sbt-plugin" % "2.8.7")
addSbtPlugin("org.foundweekends.giter8" % "sbt-giter8-scaffold" % "0.11.0")

[0m2021.03.21 00:58:31 WARN  no build target for: /Users/Jinn/Projects/play-app-basics/play-app-basics/project/plugins.sbt[0m
addSbtPlugin("com.typesafe.play" % "sbt-plugin" % "2.8.7")
addSbtPlugin("org.foundweekends.giter8" % "sbt-giter8-scaffold" % "0.11.0")
addSbtPlugin("com.heroku" % "sbt-heroku" % "2.1.4")

[0m2021.03.21 00:58:51 WARN  no build target for: /Users/Jinn/Projects/play-app-basics/play-app-basics/project/plugins.sbt[0m
[0m2021.03.21 01:00:07 INFO  skipping build import with status 'Dismissed'[0m
Mar. 21, 2021 1:07:58 A.M. org.eclipse.lsp4j.jsonrpc.RemoteEndpoint handleNotification
WARNING: Notification threw an exception: {
  "jsonrpc": "2.0",
  "method": "workspace/didChangeWatchedFiles",
  "params": {
    "changes": [
      {
        "uri": "git:/Users/Jinn/Projects/play-app-basics/play-app-basics/project/plugins.sbt?%7B%22path%22%3A%22%2FUsers%2FJinn%2FProjects%2Fplay-app-basics%2Fplay-app-basics%2Fproject%2Fplugins.sbt%22%2C%22ref%22%3A%22~%22%7D",
        "type": 2
      }
    ]
  }
}
java.lang.RuntimeException: java.lang.reflect.InvocationTargetException
	at org.eclipse.lsp4j.jsonrpc.services.GenericEndpoint.lambda$null$0(GenericEndpoint.java:67)
	at org.eclipse.lsp4j.jsonrpc.services.GenericEndpoint.notify(GenericEndpoint.java:152)
	at org.eclipse.lsp4j.jsonrpc.RemoteEndpoint.handleNotification(RemoteEndpoint.java:220)
	at org.eclipse.lsp4j.jsonrpc.RemoteEndpoint.consume(RemoteEndpoint.java:187)
	at org.eclipse.lsp4j.jsonrpc.json.StreamMessageProducer.handleMessage(StreamMessageProducer.java:194)
	at org.eclipse.lsp4j.jsonrpc.json.StreamMessageProducer.listen(StreamMessageProducer.java:94)
	at org.eclipse.lsp4j.jsonrpc.json.ConcurrentMessageProcessor.run(ConcurrentMessageProcessor.java:113)
	at java.base/java.util.concurrent.Executors$RunnableAdapter.call(Executors.java:515)
	at java.base/java.util.concurrent.FutureTask.run(FutureTask.java:264)
	at java.base/java.util.concurrent.ThreadPoolExecutor.runWorker(ThreadPoolExecutor.java:1128)
	at java.base/java.util.concurrent.ThreadPoolExecutor$Worker.run(ThreadPoolExecutor.java:628)
	at java.base/java.lang.Thread.run(Thread.java:834)
Caused by: java.lang.reflect.InvocationTargetException
	at java.base/jdk.internal.reflect.NativeMethodAccessorImpl.invoke0(Native Method)
	at java.base/jdk.internal.reflect.NativeMethodAccessorImpl.invoke(NativeMethodAccessorImpl.java:62)
	at java.base/jdk.internal.reflect.DelegatingMethodAccessorImpl.invoke(DelegatingMethodAccessorImpl.java:43)
	at java.base/java.lang.reflect.Method.invoke(Method.java:566)
	at org.eclipse.lsp4j.jsonrpc.services.GenericEndpoint.lambda$null$0(GenericEndpoint.java:65)
	... 11 more
Caused by: java.nio.file.FileSystemNotFoundException: Provider "git" not installed
	at java.base/java.nio.file.Path.of(Path.java:212)
	at java.base/java.nio.file.Paths.get(Paths.java:97)
	at scala.meta.internal.metals.MetalsEnrichments$XtensionString.toAbsolutePath(MetalsEnrichments.scala:445)
	at scala.meta.internal.metals.MetalsEnrichments$XtensionString.toAbsolutePath(MetalsEnrichments.scala:442)
	at scala.meta.internal.metals.MetalsLanguageServer.$anonfun$didChangeWatchedFiles$1(MetalsLanguageServer.scala:1183)
	at scala.collection.Iterator$$anon$10.next(Iterator.scala:461)
	at scala.collection.Iterator$$anon$12.hasNext(Iterator.scala:514)
	at scala.collection.Iterator.toStream(Iterator.scala:1417)
	at scala.collection.Iterator.toStream$(Iterator.scala:1416)
	at scala.collection.AbstractIterator.toStream(Iterator.scala:1431)
	at scala.collection.TraversableOnce.toSeq(TraversableOnce.scala:354)
	at scala.collection.TraversableOnce.toSeq$(TraversableOnce.scala:354)
	at scala.collection.AbstractIterator.toSeq(Iterator.scala:1431)
	at scala.meta.internal.metals.MetalsLanguageServer.didChangeWatchedFiles(MetalsLanguageServer.scala:1184)
	... 16 more

[0m2021.03.21 01:09:16 WARN  no build target for: /Users/Jinn/Projects/play-app-basics/play-app-basics/build.sbt[0m
[0m2021.03.21 01:09:34 WARN  no build target for: /Users/Jinn/Projects/play-app-basics/play-app-basics/build.sbt[0m
name := """play-app-basics"""
organization := "jinnwang"

version := "1.0-SNAPSHOT"

lazy val root = (project in file(".")).enablePlugins(PlayScala)

scalaVersion := "2.13.3"

libraryDependencies += guice
libraryDependencies += "org.scalatestplus.play" %% "scalatestplus-play" % "5.0.0" % Test

herokuAppName in Compile := "play-app-basics"
// Adds additional packages into Twirl
//TwirlKeys.templateImports += "jinnwang.controllers._"

// Adds additional packages into conf/routes
// play.sbt.routes.RoutesKeys.routesImport += "jinnwang.binders._"

Mar. 21, 2021 1:13:10 A.M. org.eclipse.lsp4j.jsonrpc.RemoteEndpoint handleNotification
WARNING: Notification threw an exception: {
  "jsonrpc": "2.0",
  "method": "workspace/didChangeWatchedFiles",
  "params": {
    "changes": [
      {
        "uri": "git:/Users/Jinn/Projects/play-app-basics/play-app-basics/project/plugins.sbt?%7B%22path%22%3A%22%2FUsers%2FJinn%2FProjects%2Fplay-app-basics%2Fplay-app-basics%2Fproject%2Fplugins.sbt%22%2C%22ref%22%3A%22~%22%7D",
        "type": 2
      }
    ]
  }
}
java.lang.RuntimeException: java.lang.reflect.InvocationTargetException
	at org.eclipse.lsp4j.jsonrpc.services.GenericEndpoint.lambda$null$0(GenericEndpoint.java:67)
	at org.eclipse.lsp4j.jsonrpc.services.GenericEndpoint.notify(GenericEndpoint.java:152)
	at org.eclipse.lsp4j.jsonrpc.RemoteEndpoint.handleNotification(RemoteEndpoint.java:220)
	at org.eclipse.lsp4j.jsonrpc.RemoteEndpoint.consume(RemoteEndpoint.java:187)
	at org.eclipse.lsp4j.jsonrpc.json.StreamMessageProducer.handleMessage(StreamMessageProducer.java:194)
	at org.eclipse.lsp4j.jsonrpc.json.StreamMessageProducer.listen(StreamMessageProducer.java:94)
	at org.eclipse.lsp4j.jsonrpc.json.ConcurrentMessageProcessor.run(ConcurrentMessageProcessor.java:113)
	at java.base/java.util.concurrent.Executors$RunnableAdapter.call(Executors.java:515)
	at java.base/java.util.concurrent.FutureTask.run(FutureTask.java:264)
	at java.base/java.util.concurrent.ThreadPoolExecutor.runWorker(ThreadPoolExecutor.java:1128)
	at java.base/java.util.concurrent.ThreadPoolExecutor$Worker.run(ThreadPoolExecutor.java:628)
	at java.base/java.lang.Thread.run(Thread.java:834)
Caused by: java.lang.reflect.InvocationTargetException
	at java.base/jdk.internal.reflect.NativeMethodAccessorImpl.invoke0(Native Method)
	at java.base/jdk.internal.reflect.NativeMethodAccessorImpl.invoke(NativeMethodAccessorImpl.java:62)
	at java.base/jdk.internal.reflect.DelegatingMethodAccessorImpl.invoke(DelegatingMethodAccessorImpl.java:43)
	at java.base/java.lang.reflect.Method.invoke(Method.java:566)
	at org.eclipse.lsp4j.jsonrpc.services.GenericEndpoint.lambda$null$0(GenericEndpoint.java:65)
	... 11 more
Caused by: java.nio.file.FileSystemNotFoundException: Provider "git" not installed
	at java.base/java.nio.file.Path.of(Path.java:212)
	at java.base/java.nio.file.Paths.get(Paths.java:97)
	at scala.meta.internal.metals.MetalsEnrichments$XtensionString.toAbsolutePath(MetalsEnrichments.scala:445)
	at scala.meta.internal.metals.MetalsEnrichments$XtensionString.toAbsolutePath(MetalsEnrichments.scala:442)
	at scala.meta.internal.metals.MetalsLanguageServer.$anonfun$didChangeWatchedFiles$1(MetalsLanguageServer.scala:1183)
	at scala.collection.Iterator$$anon$10.next(Iterator.scala:461)
	at scala.collection.Iterator$$anon$12.hasNext(Iterator.scala:514)
	at scala.collection.Iterator.toStream(Iterator.scala:1417)
	at scala.collection.Iterator.toStream$(Iterator.scala:1416)
	at scala.collection.AbstractIterator.toStream(Iterator.scala:1431)
	at scala.collection.TraversableOnce.toSeq(TraversableOnce.scala:354)
	at scala.collection.TraversableOnce.toSeq$(TraversableOnce.scala:354)
	at scala.collection.AbstractIterator.toSeq(Iterator.scala:1431)
	at scala.meta.internal.metals.MetalsLanguageServer.didChangeWatchedFiles(MetalsLanguageServer.scala:1184)
	... 16 more

Mar. 21, 2021 1:17:01 A.M. org.eclipse.lsp4j.jsonrpc.RemoteEndpoint handleNotification
WARNING: Notification threw an exception: {
  "jsonrpc": "2.0",
  "method": "workspace/didChangeWatchedFiles",
  "params": {
    "changes": [
      {
        "uri": "git:/Users/Jinn/Projects/play-app-basics/play-app-basics/project/plugins.sbt?%7B%22path%22%3A%22%2FUsers%2FJinn%2FProjects%2Fplay-app-basics%2Fplay-app-basics%2Fproject%2Fplugins.sbt%22%2C%22ref%22%3A%22~%22%7D",
        "type": 2
      }
    ]
  }
}
java.lang.RuntimeException: java.lang.reflect.InvocationTargetException
	at org.eclipse.lsp4j.jsonrpc.services.GenericEndpoint.lambda$null$0(GenericEndpoint.java:67)
	at org.eclipse.lsp4j.jsonrpc.services.GenericEndpoint.notify(GenericEndpoint.java:152)
	at org.eclipse.lsp4j.jsonrpc.RemoteEndpoint.handleNotification(RemoteEndpoint.java:220)
	at org.eclipse.lsp4j.jsonrpc.RemoteEndpoint.consume(RemoteEndpoint.java:187)
	at org.eclipse.lsp4j.jsonrpc.json.StreamMessageProducer.handleMessage(StreamMessageProducer.java:194)
	at org.eclipse.lsp4j.jsonrpc.json.StreamMessageProducer.listen(StreamMessageProducer.java:94)
	at org.eclipse.lsp4j.jsonrpc.json.ConcurrentMessageProcessor.run(ConcurrentMessageProcessor.java:113)
	at java.base/java.util.concurrent.Executors$RunnableAdapter.call(Executors.java:515)
	at java.base/java.util.concurrent.FutureTask.run(FutureTask.java:264)
	at java.base/java.util.concurrent.ThreadPoolExecutor.runWorker(ThreadPoolExecutor.java:1128)
	at java.base/java.util.concurrent.ThreadPoolExecutor$Worker.run(ThreadPoolExecutor.java:628)
	at java.base/java.lang.Thread.run(Thread.java:834)
Caused by: java.lang.reflect.InvocationTargetException
	at java.base/jdk.internal.reflect.NativeMethodAccessorImpl.invoke0(Native Method)
	at java.base/jdk.internal.reflect.NativeMethodAccessorImpl.invoke(NativeMethodAccessorImpl.java:62)
	at java.base/jdk.internal.reflect.DelegatingMethodAccessorImpl.invoke(DelegatingMethodAccessorImpl.java:43)
	at java.base/java.lang.reflect.Method.invoke(Method.java:566)
	at org.eclipse.lsp4j.jsonrpc.services.GenericEndpoint.lambda$null$0(GenericEndpoint.java:65)
	... 11 more
Caused by: java.nio.file.FileSystemNotFoundException: Provider "git" not installed
	at java.base/java.nio.file.Path.of(Path.java:212)
	at java.base/java.nio.file.Paths.get(Paths.java:97)
	at scala.meta.internal.metals.MetalsEnrichments$XtensionString.toAbsolutePath(MetalsEnrichments.scala:445)
	at scala.meta.internal.metals.MetalsEnrichments$XtensionString.toAbsolutePath(MetalsEnrichments.scala:442)
	at scala.meta.internal.metals.MetalsLanguageServer.$anonfun$didChangeWatchedFiles$1(MetalsLanguageServer.scala:1183)
	at scala.collection.Iterator$$anon$10.next(Iterator.scala:461)
	at scala.collection.Iterator$$anon$12.hasNext(Iterator.scala:514)
	at scala.collection.Iterator.toStream(Iterator.scala:1417)
	at scala.collection.Iterator.toStream$(Iterator.scala:1416)
	at scala.collection.AbstractIterator.toStream(Iterator.scala:1431)
	at scala.collection.TraversableOnce.toSeq(TraversableOnce.scala:354)
	at scala.collection.TraversableOnce.toSeq$(TraversableOnce.scala:354)
	at scala.collection.AbstractIterator.toSeq(Iterator.scala:1431)
	at scala.meta.internal.metals.MetalsLanguageServer.didChangeWatchedFiles(MetalsLanguageServer.scala:1184)
	... 16 more

Mar. 21, 2021 1:20:01 A.M. org.eclipse.lsp4j.jsonrpc.RemoteEndpoint handleNotification
WARNING: Notification threw an exception: {
  "jsonrpc": "2.0",
  "method": "workspace/didChangeWatchedFiles",
  "params": {
    "changes": [
      {
        "uri": "git:/Users/Jinn/Projects/play-app-basics/play-app-basics/build.sbt?%7B%22path%22%3A%22%2FUsers%2FJinn%2FProjects%2Fplay-app-basics%2Fplay-app-basics%2Fbuild.sbt%22%2C%22ref%22%3A%22~%22%7D",
        "type": 2
      },
      {
        "uri": "git:/Users/Jinn/Projects/play-app-basics/play-app-basics/project/plugins.sbt?%7B%22path%22%3A%22%2FUsers%2FJinn%2FProjects%2Fplay-app-basics%2Fplay-app-basics%2Fproject%2Fplugins.sbt%22%2C%22ref%22%3A%22~%22%7D",
        "type": 2
      }
    ]
  }
}
java.lang.RuntimeException: java.lang.reflect.InvocationTargetException
	at org.eclipse.lsp4j.jsonrpc.services.GenericEndpoint.lambda$null$0(GenericEndpoint.java:67)
	at org.eclipse.lsp4j.jsonrpc.services.GenericEndpoint.notify(GenericEndpoint.java:152)
	at org.eclipse.lsp4j.jsonrpc.RemoteEndpoint.handleNotification(RemoteEndpoint.java:220)
	at org.eclipse.lsp4j.jsonrpc.RemoteEndpoint.consume(RemoteEndpoint.java:187)
	at org.eclipse.lsp4j.jsonrpc.json.StreamMessageProducer.handleMessage(StreamMessageProducer.java:194)
	at org.eclipse.lsp4j.jsonrpc.json.StreamMessageProducer.listen(StreamMessageProducer.java:94)
	at org.eclipse.lsp4j.jsonrpc.json.ConcurrentMessageProcessor.run(ConcurrentMessageProcessor.java:113)
	at java.base/java.util.concurrent.Executors$RunnableAdapter.call(Executors.java:515)
	at java.base/java.util.concurrent.FutureTask.run(FutureTask.java:264)
	at java.base/java.util.concurrent.ThreadPoolExecutor.runWorker(ThreadPoolExecutor.java:1128)
	at java.base/java.util.concurrent.ThreadPoolExecutor$Worker.run(ThreadPoolExecutor.java:628)
	at java.base/java.lang.Thread.run(Thread.java:834)
Caused by: java.lang.reflect.InvocationTargetException
	at java.base/jdk.internal.reflect.NativeMethodAccessorImpl.invoke0(Native Method)
	at java.base/jdk.internal.reflect.NativeMethodAccessorImpl.invoke(NativeMethodAccessorImpl.java:62)
	at java.base/jdk.internal.reflect.DelegatingMethodAccessorImpl.invoke(DelegatingMethodAccessorImpl.java:43)
	at java.base/java.lang.reflect.Method.invoke(Method.java:566)
	at org.eclipse.lsp4j.jsonrpc.services.GenericEndpoint.lambda$null$0(GenericEndpoint.java:65)
	... 11 more
Caused by: java.nio.file.FileSystemNotFoundException: Provider "git" not installed
	at java.base/java.nio.file.Path.of(Path.java:212)
	at java.base/java.nio.file.Paths.get(Paths.java:97)
	at scala.meta.internal.metals.MetalsEnrichments$XtensionString.toAbsolutePath(MetalsEnrichments.scala:445)
	at scala.meta.internal.metals.MetalsEnrichments$XtensionString.toAbsolutePath(MetalsEnrichments.scala:442)
	at scala.meta.internal.metals.MetalsLanguageServer.$anonfun$didChangeWatchedFiles$1(MetalsLanguageServer.scala:1183)
	at scala.collection.Iterator$$anon$10.next(Iterator.scala:461)
	at scala.collection.Iterator$$anon$12.hasNext(Iterator.scala:514)
	at scala.collection.Iterator.toStream(Iterator.scala:1417)
	at scala.collection.Iterator.toStream$(Iterator.scala:1416)
	at scala.collection.AbstractIterator.toStream(Iterator.scala:1431)
	at scala.collection.TraversableOnce.toSeq(TraversableOnce.scala:354)
	at scala.collection.TraversableOnce.toSeq$(TraversableOnce.scala:354)
	at scala.collection.AbstractIterator.toSeq(Iterator.scala:1431)
	at scala.meta.internal.metals.MetalsLanguageServer.didChangeWatchedFiles(MetalsLanguageServer.scala:1184)
	... 16 more

Mar. 21, 2021 1:23:00 A.M. org.eclipse.lsp4j.jsonrpc.RemoteEndpoint handleNotification
WARNING: Notification threw an exception: {
  "jsonrpc": "2.0",
  "method": "workspace/didChangeWatchedFiles",
  "params": {
    "changes": [
      {
        "uri": "git:/Users/Jinn/Projects/play-app-basics/play-app-basics/build.sbt?%7B%22path%22%3A%22%2FUsers%2FJinn%2FProjects%2Fplay-app-basics%2Fplay-app-basics%2Fbuild.sbt%22%2C%22ref%22%3A%22~%22%7D",
        "type": 2
      },
      {
        "uri": "git:/Users/Jinn/Projects/play-app-basics/play-app-basics/project/plugins.sbt?%7B%22path%22%3A%22%2FUsers%2FJinn%2FProjects%2Fplay-app-basics%2Fplay-app-basics%2Fproject%2Fplugins.sbt%22%2C%22ref%22%3A%22~%22%7D",
        "type": 2
      }
    ]
  }
}
java.lang.RuntimeException: java.lang.reflect.InvocationTargetException
	at org.eclipse.lsp4j.jsonrpc.services.GenericEndpoint.lambda$null$0(GenericEndpoint.java:67)
	at org.eclipse.lsp4j.jsonrpc.services.GenericEndpoint.notify(GenericEndpoint.java:152)
	at org.eclipse.lsp4j.jsonrpc.RemoteEndpoint.handleNotification(RemoteEndpoint.java:220)
	at org.eclipse.lsp4j.jsonrpc.RemoteEndpoint.consume(RemoteEndpoint.java:187)
	at org.eclipse.lsp4j.jsonrpc.json.StreamMessageProducer.handleMessage(StreamMessageProducer.java:194)
	at org.eclipse.lsp4j.jsonrpc.json.StreamMessageProducer.listen(StreamMessageProducer.java:94)
	at org.eclipse.lsp4j.jsonrpc.json.ConcurrentMessageProcessor.run(ConcurrentMessageProcessor.java:113)
	at java.base/java.util.concurrent.Executors$RunnableAdapter.call(Executors.java:515)
	at java.base/java.util.concurrent.FutureTask.run(FutureTask.java:264)
	at java.base/java.util.concurrent.ThreadPoolExecutor.runWorker(ThreadPoolExecutor.java:1128)
	at java.base/java.util.concurrent.ThreadPoolExecutor$Worker.run(ThreadPoolExecutor.java:628)
	at java.base/java.lang.Thread.run(Thread.java:834)
Caused by: java.lang.reflect.InvocationTargetException
	at java.base/jdk.internal.reflect.NativeMethodAccessorImpl.invoke0(Native Method)
	at java.base/jdk.internal.reflect.NativeMethodAccessorImpl.invoke(NativeMethodAccessorImpl.java:62)
	at java.base/jdk.internal.reflect.DelegatingMethodAccessorImpl.invoke(DelegatingMethodAccessorImpl.java:43)
	at java.base/java.lang.reflect.Method.invoke(Method.java:566)
	at org.eclipse.lsp4j.jsonrpc.services.GenericEndpoint.lambda$null$0(GenericEndpoint.java:65)
	... 11 more
Caused by: java.nio.file.FileSystemNotFoundException: Provider "git" not installed
	at java.base/java.nio.file.Path.of(Path.java:212)
	at java.base/java.nio.file.Paths.get(Paths.java:97)
	at scala.meta.internal.metals.MetalsEnrichments$XtensionString.toAbsolutePath(MetalsEnrichments.scala:445)
	at scala.meta.internal.metals.MetalsEnrichments$XtensionString.toAbsolutePath(MetalsEnrichments.scala:442)
	at scala.meta.internal.metals.MetalsLanguageServer.$anonfun$didChangeWatchedFiles$1(MetalsLanguageServer.scala:1183)
	at scala.collection.Iterator$$anon$10.next(Iterator.scala:461)
	at scala.collection.Iterator$$anon$12.hasNext(Iterator.scala:514)
	at scala.collection.Iterator.toStream(Iterator.scala:1417)
	at scala.collection.Iterator.toStream$(Iterator.scala:1416)
	at scala.collection.AbstractIterator.toStream(Iterator.scala:1431)
	at scala.collection.TraversableOnce.toSeq(TraversableOnce.scala:354)
	at scala.collection.TraversableOnce.toSeq$(TraversableOnce.scala:354)
	at scala.collection.AbstractIterator.toSeq(Iterator.scala:1431)
	at scala.meta.internal.metals.MetalsLanguageServer.didChangeWatchedFiles(MetalsLanguageServer.scala:1184)
	... 16 more

Mar. 21, 2021 1:23:02 A.M. org.eclipse.lsp4j.jsonrpc.RemoteEndpoint handleNotification
WARNING: Notification threw an exception: {
  "jsonrpc": "2.0",
  "method": "workspace/didChangeWatchedFiles",
  "params": {
    "changes": [
      {
        "uri": "git:/Users/Jinn/Projects/play-app-basics/play-app-basics/build.sbt?%7B%22path%22%3A%22%2FUsers%2FJinn%2FProjects%2Fplay-app-basics%2Fplay-app-basics%2Fbuild.sbt%22%2C%22ref%22%3A%22~%22%7D",
        "type": 2
      },
      {
        "uri": "git:/Users/Jinn/Projects/play-app-basics/play-app-basics/project/plugins.sbt?%7B%22path%22%3A%22%2FUsers%2FJinn%2FProjects%2Fplay-app-basics%2Fplay-app-basics%2Fproject%2Fplugins.sbt%22%2C%22ref%22%3A%22~%22%7D",
        "type": 2
      }
    ]
  }
}
java.lang.RuntimeException: java.lang.reflect.InvocationTargetException
	at org.eclipse.lsp4j.jsonrpc.services.GenericEndpoint.lambda$null$0(GenericEndpoint.java:67)
	at org.eclipse.lsp4j.jsonrpc.services.GenericEndpoint.notify(GenericEndpoint.java:152)
	at org.eclipse.lsp4j.jsonrpc.RemoteEndpoint.handleNotification(RemoteEndpoint.java:220)
	at org.eclipse.lsp4j.jsonrpc.RemoteEndpoint.consume(RemoteEndpoint.java:187)
	at org.eclipse.lsp4j.jsonrpc.json.StreamMessageProducer.handleMessage(StreamMessageProducer.java:194)
	at org.eclipse.lsp4j.jsonrpc.json.StreamMessageProducer.listen(StreamMessageProducer.java:94)
	at org.eclipse.lsp4j.jsonrpc.json.ConcurrentMessageProcessor.run(ConcurrentMessageProcessor.java:113)
	at java.base/java.util.concurrent.Executors$RunnableAdapter.call(Executors.java:515)
	at java.base/java.util.concurrent.FutureTask.run(FutureTask.java:264)
	at java.base/java.util.concurrent.ThreadPoolExecutor.runWorker(ThreadPoolExecutor.java:1128)
	at java.base/java.util.concurrent.ThreadPoolExecutor$Worker.run(ThreadPoolExecutor.java:628)
	at java.base/java.lang.Thread.run(Thread.java:834)
Caused by: java.lang.reflect.InvocationTargetException
	at java.base/jdk.internal.reflect.NativeMethodAccessorImpl.invoke0(Native Method)
	at java.base/jdk.internal.reflect.NativeMethodAccessorImpl.invoke(NativeMethodAccessorImpl.java:62)
	at java.base/jdk.internal.reflect.DelegatingMethodAccessorImpl.invoke(DelegatingMethodAccessorImpl.java:43)
	at java.base/java.lang.reflect.Method.invoke(Method.java:566)
	at org.eclipse.lsp4j.jsonrpc.services.GenericEndpoint.lambda$null$0(GenericEndpoint.java:65)
	... 11 more
Caused by: java.nio.file.FileSystemNotFoundException: Provider "git" not installed
	at java.base/java.nio.file.Path.of(Path.java:212)
	at java.base/java.nio.file.Paths.get(Paths.java:97)
	at scala.meta.internal.metals.MetalsEnrichments$XtensionString.toAbsolutePath(MetalsEnrichments.scala:445)
	at scala.meta.internal.metals.MetalsEnrichments$XtensionString.toAbsolutePath(MetalsEnrichments.scala:442)
	at scala.meta.internal.metals.MetalsLanguageServer.$anonfun$didChangeWatchedFiles$1(MetalsLanguageServer.scala:1183)
	at scala.collection.Iterator$$anon$10.next(Iterator.scala:461)
	at scala.collection.Iterator$$anon$12.hasNext(Iterator.scala:514)
	at scala.collection.Iterator.toStream(Iterator.scala:1417)
	at scala.collection.Iterator.toStream$(Iterator.scala:1416)
	at scala.collection.AbstractIterator.toStream(Iterator.scala:1431)
	at scala.collection.TraversableOnce.toSeq(TraversableOnce.scala:354)
	at scala.collection.TraversableOnce.toSeq$(TraversableOnce.scala:354)
	at scala.collection.AbstractIterator.toSeq(Iterator.scala:1431)
	at scala.meta.internal.metals.MetalsLanguageServer.didChangeWatchedFiles(MetalsLanguageServer.scala:1184)
	... 16 more

Mar. 21, 2021 1:23:10 A.M. org.eclipse.lsp4j.jsonrpc.RemoteEndpoint handleNotification
WARNING: Notification threw an exception: {
  "jsonrpc": "2.0",
  "method": "workspace/didChangeWatchedFiles",
  "params": {
    "changes": [
      {
        "uri": "git:/Users/Jinn/Projects/play-app-basics/play-app-basics/build.sbt?%7B%22path%22%3A%22%2FUsers%2FJinn%2FProjects%2Fplay-app-basics%2Fplay-app-basics%2Fbuild.sbt%22%2C%22ref%22%3A%22~%22%7D",
        "type": 2
      },
      {
        "uri": "git:/Users/Jinn/Projects/play-app-basics/play-app-basics/project/plugins.sbt?%7B%22path%22%3A%22%2FUsers%2FJinn%2FProjects%2Fplay-app-basics%2Fplay-app-basics%2Fproject%2Fplugins.sbt%22%2C%22ref%22%3A%22~%22%7D",
        "type": 2
      }
    ]
  }
}
java.lang.RuntimeException: java.lang.reflect.InvocationTargetException
	at org.eclipse.lsp4j.jsonrpc.services.GenericEndpoint.lambda$null$0(GenericEndpoint.java:67)
	at org.eclipse.lsp4j.jsonrpc.services.GenericEndpoint.notify(GenericEndpoint.java:152)
	at org.eclipse.lsp4j.jsonrpc.RemoteEndpoint.handleNotification(RemoteEndpoint.java:220)
	at org.eclipse.lsp4j.jsonrpc.RemoteEndpoint.consume(RemoteEndpoint.java:187)
	at org.eclipse.lsp4j.jsonrpc.json.StreamMessageProducer.handleMessage(StreamMessageProducer.java:194)
	at org.eclipse.lsp4j.jsonrpc.json.StreamMessageProducer.listen(StreamMessageProducer.java:94)
	at org.eclipse.lsp4j.jsonrpc.json.ConcurrentMessageProcessor.run(ConcurrentMessageProcessor.java:113)
	at java.base/java.util.concurrent.Executors$RunnableAdapter.call(Executors.java:515)
	at java.base/java.util.concurrent.FutureTask.run(FutureTask.java:264)
	at java.base/java.util.concurrent.ThreadPoolExecutor.runWorker(ThreadPoolExecutor.java:1128)
	at java.base/java.util.concurrent.ThreadPoolExecutor$Worker.run(ThreadPoolExecutor.java:628)
	at java.base/java.lang.Thread.run(Thread.java:834)
Caused by: java.lang.reflect.InvocationTargetException
	at java.base/jdk.internal.reflect.NativeMethodAccessorImpl.invoke0(Native Method)
	at java.base/jdk.internal.reflect.NativeMethodAccessorImpl.invoke(NativeMethodAccessorImpl.java:62)
	at java.base/jdk.internal.reflect.DelegatingMethodAccessorImpl.invoke(DelegatingMethodAccessorImpl.java:43)
	at java.base/java.lang.reflect.Method.invoke(Method.java:566)
	at org.eclipse.lsp4j.jsonrpc.services.GenericEndpoint.lambda$null$0(GenericEndpoint.java:65)
	... 11 more
Caused by: java.nio.file.FileSystemNotFoundException: Provider "git" not installed
	at java.base/java.nio.file.Path.of(Path.java:212)
	at java.base/java.nio.file.Paths.get(Paths.java:97)
	at scala.meta.internal.metals.MetalsEnrichments$XtensionString.toAbsolutePath(MetalsEnrichments.scala:445)
	at scala.meta.internal.metals.MetalsEnrichments$XtensionString.toAbsolutePath(MetalsEnrichments.scala:442)
	at scala.meta.internal.metals.MetalsLanguageServer.$anonfun$didChangeWatchedFiles$1(MetalsLanguageServer.scala:1183)
	at scala.collection.Iterator$$anon$10.next(Iterator.scala:461)
	at scala.collection.Iterator$$anon$12.hasNext(Iterator.scala:514)
	at scala.collection.Iterator.toStream(Iterator.scala:1417)
	at scala.collection.Iterator.toStream$(Iterator.scala:1416)
	at scala.collection.AbstractIterator.toStream(Iterator.scala:1431)
	at scala.collection.TraversableOnce.toSeq(TraversableOnce.scala:354)
	at scala.collection.TraversableOnce.toSeq$(TraversableOnce.scala:354)
	at scala.collection.AbstractIterator.toSeq(Iterator.scala:1431)
	at scala.meta.internal.metals.MetalsLanguageServer.didChangeWatchedFiles(MetalsLanguageServer.scala:1184)
	... 16 more

Mar. 21, 2021 1:23:14 A.M. org.eclipse.lsp4j.jsonrpc.RemoteEndpoint handleNotification
WARNING: Notification threw an exception: {
  "jsonrpc": "2.0",
  "method": "workspace/didChangeWatchedFiles",
  "params": {
    "changes": [
      {
        "uri": "git:/Users/Jinn/Projects/play-app-basics/play-app-basics/build.sbt?%7B%22path%22%3A%22%2FUsers%2FJinn%2FProjects%2Fplay-app-basics%2Fplay-app-basics%2Fbuild.sbt%22%2C%22ref%22%3A%22~%22%7D",
        "type": 2
      },
      {
        "uri": "git:/Users/Jinn/Projects/play-app-basics/play-app-basics/project/plugins.sbt?%7B%22path%22%3A%22%2FUsers%2FJinn%2FProjects%2Fplay-app-basics%2Fplay-app-basics%2Fproject%2Fplugins.sbt%22%2C%22ref%22%3A%22~%22%7D",
        "type": 2
      }
    ]
  }
}
java.lang.RuntimeException: java.lang.reflect.InvocationTargetException
	at org.eclipse.lsp4j.jsonrpc.services.GenericEndpoint.lambda$null$0(GenericEndpoint.java:67)
	at org.eclipse.lsp4j.jsonrpc.services.GenericEndpoint.notify(GenericEndpoint.java:152)
	at org.eclipse.lsp4j.jsonrpc.RemoteEndpoint.handleNotification(RemoteEndpoint.java:220)
	at org.eclipse.lsp4j.jsonrpc.RemoteEndpoint.consume(RemoteEndpoint.java:187)
	at org.eclipse.lsp4j.jsonrpc.json.StreamMessageProducer.handleMessage(StreamMessageProducer.java:194)
	at org.eclipse.lsp4j.jsonrpc.json.StreamMessageProducer.listen(StreamMessageProducer.java:94)
	at org.eclipse.lsp4j.jsonrpc.json.ConcurrentMessageProcessor.run(ConcurrentMessageProcessor.java:113)
	at java.base/java.util.concurrent.Executors$RunnableAdapter.call(Executors.java:515)
	at java.base/java.util.concurrent.FutureTask.run(FutureTask.java:264)
	at java.base/java.util.concurrent.ThreadPoolExecutor.runWorker(ThreadPoolExecutor.java:1128)
	at java.base/java.util.concurrent.ThreadPoolExecutor$Worker.run(ThreadPoolExecutor.java:628)
	at java.base/java.lang.Thread.run(Thread.java:834)
Caused by: java.lang.reflect.InvocationTargetException
	at java.base/jdk.internal.reflect.NativeMethodAccessorImpl.invoke0(Native Method)
	at java.base/jdk.internal.reflect.NativeMethodAccessorImpl.invoke(NativeMethodAccessorImpl.java:62)
	at java.base/jdk.internal.reflect.DelegatingMethodAccessorImpl.invoke(DelegatingMethodAccessorImpl.java:43)
	at java.base/java.lang.reflect.Method.invoke(Method.java:566)
	at org.eclipse.lsp4j.jsonrpc.services.GenericEndpoint.lambda$null$0(GenericEndpoint.java:65)
	... 11 more
Caused by: java.nio.file.FileSystemNotFoundException: Provider "git" not installed
	at java.base/java.nio.file.Path.of(Path.java:212)
	at java.base/java.nio.file.Paths.get(Paths.java:97)
	at scala.meta.internal.metals.MetalsEnrichments$XtensionString.toAbsolutePath(MetalsEnrichments.scala:445)
	at scala.meta.internal.metals.MetalsEnrichments$XtensionString.toAbsolutePath(MetalsEnrichments.scala:442)
	at scala.meta.internal.metals.MetalsLanguageServer.$anonfun$didChangeWatchedFiles$1(MetalsLanguageServer.scala:1183)
	at scala.collection.Iterator$$anon$10.next(Iterator.scala:461)
	at scala.collection.Iterator$$anon$12.hasNext(Iterator.scala:514)
	at scala.collection.Iterator.toStream(Iterator.scala:1417)
	at scala.collection.Iterator.toStream$(Iterator.scala:1416)
	at scala.collection.AbstractIterator.toStream(Iterator.scala:1431)
	at scala.collection.TraversableOnce.toSeq(TraversableOnce.scala:354)
	at scala.collection.TraversableOnce.toSeq$(TraversableOnce.scala:354)
	at scala.collection.AbstractIterator.toSeq(Iterator.scala:1431)
	at scala.meta.internal.metals.MetalsLanguageServer.didChangeWatchedFiles(MetalsLanguageServer.scala:1184)
	... 16 more

Mar. 21, 2021 1:26:33 A.M. org.eclipse.lsp4j.jsonrpc.RemoteEndpoint handleNotification
WARNING: Notification threw an exception: {
  "jsonrpc": "2.0",
  "method": "workspace/didChangeWatchedFiles",
  "params": {
    "changes": [
      {
        "uri": "git:/Users/Jinn/Projects/play-app-basics/play-app-basics/build.sbt?%7B%22path%22%3A%22%2FUsers%2FJinn%2FProjects%2Fplay-app-basics%2Fplay-app-basics%2Fbuild.sbt%22%2C%22ref%22%3A%22~%22%7D",
        "type": 2
      },
      {
        "uri": "git:/Users/Jinn/Projects/play-app-basics/play-app-basics/project/plugins.sbt?%7B%22path%22%3A%22%2FUsers%2FJinn%2FProjects%2Fplay-app-basics%2Fplay-app-basics%2Fproject%2Fplugins.sbt%22%2C%22ref%22%3A%22~%22%7D",
        "type": 2
      }
    ]
  }
}
java.lang.RuntimeException: java.lang.reflect.InvocationTargetException
	at org.eclipse.lsp4j.jsonrpc.services.GenericEndpoint.lambda$null$0(GenericEndpoint.java:67)
	at org.eclipse.lsp4j.jsonrpc.services.GenericEndpoint.notify(GenericEndpoint.java:152)
	at org.eclipse.lsp4j.jsonrpc.RemoteEndpoint.handleNotification(RemoteEndpoint.java:220)
	at org.eclipse.lsp4j.jsonrpc.RemoteEndpoint.consume(RemoteEndpoint.java:187)
	at org.eclipse.lsp4j.jsonrpc.json.StreamMessageProducer.handleMessage(StreamMessageProducer.java:194)
	at org.eclipse.lsp4j.jsonrpc.json.StreamMessageProducer.listen(StreamMessageProducer.java:94)
	at org.eclipse.lsp4j.jsonrpc.json.ConcurrentMessageProcessor.run(ConcurrentMessageProcessor.java:113)
	at java.base/java.util.concurrent.Executors$RunnableAdapter.call(Executors.java:515)
	at java.base/java.util.concurrent.FutureTask.run(FutureTask.java:264)
	at java.base/java.util.concurrent.ThreadPoolExecutor.runWorker(ThreadPoolExecutor.java:1128)
	at java.base/java.util.concurrent.ThreadPoolExecutor$Worker.run(ThreadPoolExecutor.java:628)
	at java.base/java.lang.Thread.run(Thread.java:834)
Caused by: java.lang.reflect.InvocationTargetException
	at java.base/jdk.internal.reflect.NativeMethodAccessorImpl.invoke0(Native Method)
	at java.base/jdk.internal.reflect.NativeMethodAccessorImpl.invoke(NativeMethodAccessorImpl.java:62)
	at java.base/jdk.internal.reflect.DelegatingMethodAccessorImpl.invoke(DelegatingMethodAccessorImpl.java:43)
	at java.base/java.lang.reflect.Method.invoke(Method.java:566)
	at org.eclipse.lsp4j.jsonrpc.services.GenericEndpoint.lambda$null$0(GenericEndpoint.java:65)
	... 11 more
Caused by: java.nio.file.FileSystemNotFoundException: Provider "git" not installed
	at java.base/java.nio.file.Path.of(Path.java:212)
	at java.base/java.nio.file.Paths.get(Paths.java:97)
	at scala.meta.internal.metals.MetalsEnrichments$XtensionString.toAbsolutePath(MetalsEnrichments.scala:445)
	at scala.meta.internal.metals.MetalsEnrichments$XtensionString.toAbsolutePath(MetalsEnrichments.scala:442)
	at scala.meta.internal.metals.MetalsLanguageServer.$anonfun$didChangeWatchedFiles$1(MetalsLanguageServer.scala:1183)
	at scala.collection.Iterator$$anon$10.next(Iterator.scala:461)
	at scala.collection.Iterator$$anon$12.hasNext(Iterator.scala:514)
	at scala.collection.Iterator.toStream(Iterator.scala:1417)
	at scala.collection.Iterator.toStream$(Iterator.scala:1416)
	at scala.collection.AbstractIterator.toStream(Iterator.scala:1431)
	at scala.collection.TraversableOnce.toSeq(TraversableOnce.scala:354)
	at scala.collection.TraversableOnce.toSeq$(TraversableOnce.scala:354)
	at scala.collection.AbstractIterator.toSeq(Iterator.scala:1431)
	at scala.meta.internal.metals.MetalsLanguageServer.didChangeWatchedFiles(MetalsLanguageServer.scala:1184)
	... 16 more

